  [4;36;1mSQL (0.3ms)[0m   [0;1mSET NAMES 'utf8'[0m
  [4;35;1mSQL (0.3ms)[0m   [0mSET SQL_AUTO_IS_NULL=0[0m


Processing Rails::InfoController#properties (for 127.0.0.1 at 2010-04-01 10:02:55) [GET]
  [4;36;1mSQL (1.1ms)[0m   [0;1mSHOW TABLES[0m
  [4;35;1mSQL (0.7ms)[0m   [0mSELECT version FROM schema_migrations[0m
Completed in 48ms (View: 3, DB: 2) | 200 OK [http://localhost/rails/info/properties]
  [4;36;1mSQL (0.6ms)[0m   [0;1mSET NAMES 'utf8'[0m
  [4;35;1mSQL (0.4ms)[0m   [0mSET SQL_AUTO_IS_NULL=0[0m


Processing EventsController#index (for 127.0.0.1 at 2010-04-07 15:40:54) [GET]
Rendering template within layouts/application
Rendering events/index
Rendered shared/_head (8.0ms)
Completed in 181ms (View: 146, DB: 1) | 200 OK [http://localhost/]
  [4;36;1mSQL (0.3ms)[0m   [0;1mSET NAMES 'utf8'[0m
  [4;35;1mSQL (0.3ms)[0m   [0mSET SQL_AUTO_IS_NULL=0[0m


Processing EventsController#index (for 127.0.0.1 at 2010-04-07 15:40:55) [GET]
  Parameters: {"end"=>"1270936800", "start"=>"1270332000", "_"=>"1270647655309"}
  [4;36;1mEvent Load (0.0ms)[0m   [0;1mMysql::NoSuchTable: Table 'timetableasy_development.events' doesn't exist: SELECT * FROM `events` WHERE (begin_at >= '2010-04-04 00:00:00' and end_at <= '2010-04-11 00:00:00') [0m

ActiveRecord::StatementInvalid (Mysql::NoSuchTable: Table 'timetableasy_development.events' doesn't exist: SELECT * FROM `events` WHERE (begin_at >= '2010-04-04 00:00:00' and end_at <= '2010-04-11 00:00:00') ):
  /usr/local/lib/ruby/gems/1.8/gems/rails-footnotes-3.6.6/lib/rails-footnotes/notes/queries_note.rb:156:in `execute'
  /usr/local/lib/ruby/gems/1.8/gems/rails-footnotes-3.6.6/lib/rails-footnotes/notes/queries_note.rb:156:in `execute'
  app/models/event.rb:32:in `to_fullcalendar'
  app/controllers/events_controller.rb:9:in `index'
  app/controllers/events_controller.rb:5:in `index'

Rendered rescues/_trace (207.5ms)
Rendered rescues/_request_and_response (3.3ms)
Rendering rescues/layout (internal_server_error)
  [4;35;1mSQL (0.3ms)[0m   [0mSET NAMES 'utf8'[0m
  [4;36;1mSQL (0.3ms)[0m   [0;1mSET SQL_AUTO_IS_NULL=0[0m


Processing EventsController#new (for 127.0.0.1 at 2010-04-07 15:41:32) [POST]
  Parameters: {"authenticity_token"=>"BmZBoKInSqK6CGCejZbjhBmB35QJ4CZYqNrM13UOxac="}
  [4;35;1mEvent Columns (0.0ms)[0m   [0mMysql::NoSuchTable: Table 'timetableasy_development.events' doesn't exist: SHOW FIELDS FROM `events`[0m

ActiveRecord::StatementInvalid (Mysql::NoSuchTable: Table 'timetableasy_development.events' doesn't exist: SHOW FIELDS FROM `events`):
  /usr/local/lib/ruby/gems/1.8/gems/rails-footnotes-3.6.6/lib/rails-footnotes/notes/queries_note.rb:156:in `execute'
  /usr/local/lib/ruby/gems/1.8/gems/rails-footnotes-3.6.6/lib/rails-footnotes/notes/queries_note.rb:156:in `execute'
  app/controllers/events_controller.rb:28:in `new'
  app/controllers/events_controller.rb:28:in `new'

Rendered rescues/_trace (103.3ms)
Rendered rescues/_request_and_response (0.7ms)
Rendering rescues/layout (internal_server_error)
  [4;36;1mSQL (0.4ms)[0m   [0;1mSET NAMES 'utf8'[0m
  [4;35;1mSQL (0.3ms)[0m   [0mSET SQL_AUTO_IS_NULL=0[0m


Processing EventsController#new (for 127.0.0.1 at 2010-04-07 15:41:36) [POST]
  Parameters: {"authenticity_token"=>"BmZBoKInSqK6CGCejZbjhBmB35QJ4CZYqNrM13UOxac="}
  [4;36;1mEvent Columns (0.0ms)[0m   [0;1mMysql::NoSuchTable: Table 'timetableasy_development.events' doesn't exist: SHOW FIELDS FROM `events`[0m

ActiveRecord::StatementInvalid (Mysql::NoSuchTable: Table 'timetableasy_development.events' doesn't exist: SHOW FIELDS FROM `events`):
  /usr/local/lib/ruby/gems/1.8/gems/rails-footnotes-3.6.6/lib/rails-footnotes/notes/queries_note.rb:156:in `execute'
  /usr/local/lib/ruby/gems/1.8/gems/rails-footnotes-3.6.6/lib/rails-footnotes/notes/queries_note.rb:156:in `execute'
  app/controllers/events_controller.rb:28:in `new'
  app/controllers/events_controller.rb:28:in `new'

Rendered rescues/_trace (177.2ms)
Rendered rescues/_request_and_response (0.8ms)
Rendering rescues/layout (internal_server_error)
  [4;35;1mSQL (0.4ms)[0m   [0mSET NAMES 'utf8'[0m
  [4;36;1mSQL (0.3ms)[0m   [0;1mSET SQL_AUTO_IS_NULL=0[0m


Processing EventsController#new (for 127.0.0.1 at 2010-04-07 15:41:37) [POST]
  Parameters: {"authenticity_token"=>"BmZBoKInSqK6CGCejZbjhBmB35QJ4CZYqNrM13UOxac="}
  [4;35;1mEvent Columns (0.0ms)[0m   [0mMysql::NoSuchTable: Table 'timetableasy_development.events' doesn't exist: SHOW FIELDS FROM `events`[0m

ActiveRecord::StatementInvalid (Mysql::NoSuchTable: Table 'timetableasy_development.events' doesn't exist: SHOW FIELDS FROM `events`):
  /usr/local/lib/ruby/gems/1.8/gems/rails-footnotes-3.6.6/lib/rails-footnotes/notes/queries_note.rb:156:in `execute'
  /usr/local/lib/ruby/gems/1.8/gems/rails-footnotes-3.6.6/lib/rails-footnotes/notes/queries_note.rb:156:in `execute'
  app/controllers/events_controller.rb:28:in `new'
  app/controllers/events_controller.rb:28:in `new'

Rendered rescues/_trace (101.9ms)
Rendered rescues/_request_and_response (0.7ms)
Rendering rescues/layout (internal_server_error)
  [4;36;1mSQL (0.3ms)[0m   [0;1mSET NAMES 'utf8'[0m
  [4;35;1mSQL (0.3ms)[0m   [0mSET SQL_AUTO_IS_NULL=0[0m


Processing EventsController#new (for 127.0.0.1 at 2010-04-07 15:41:37) [POST]
  Parameters: {"authenticity_token"=>"BmZBoKInSqK6CGCejZbjhBmB35QJ4CZYqNrM13UOxac="}
  [4;36;1mEvent Columns (0.0ms)[0m   [0;1mMysql::NoSuchTable: Table 'timetableasy_development.events' doesn't exist: SHOW FIELDS FROM `events`[0m

ActiveRecord::StatementInvalid (Mysql::NoSuchTable: Table 'timetableasy_development.events' doesn't exist: SHOW FIELDS FROM `events`):
  /usr/local/lib/ruby/gems/1.8/gems/rails-footnotes-3.6.6/lib/rails-footnotes/notes/queries_note.rb:156:in `execute'
  /usr/local/lib/ruby/gems/1.8/gems/rails-footnotes-3.6.6/lib/rails-footnotes/notes/queries_note.rb:156:in `execute'
  app/controllers/events_controller.rb:28:in `new'
  app/controllers/events_controller.rb:28:in `new'

Rendered rescues/_trace (180.9ms)
Rendered rescues/_request_and_response (0.7ms)
Rendering rescues/layout (internal_server_error)
  [4;35;1mSQL (0.4ms)[0m   [0mSET NAMES 'utf8'[0m
  [4;36;1mSQL (0.3ms)[0m   [0;1mSET SQL_AUTO_IS_NULL=0[0m


Processing EventsController#new (for 127.0.0.1 at 2010-04-07 15:41:37) [POST]
  Parameters: {"authenticity_token"=>"BmZBoKInSqK6CGCejZbjhBmB35QJ4CZYqNrM13UOxac="}
  [4;35;1mEvent Columns (0.0ms)[0m   [0mMysql::NoSuchTable: Table 'timetableasy_development.events' doesn't exist: SHOW FIELDS FROM `events`[0m

ActiveRecord::StatementInvalid (Mysql::NoSuchTable: Table 'timetableasy_development.events' doesn't exist: SHOW FIELDS FROM `events`):
  /usr/local/lib/ruby/gems/1.8/gems/rails-footnotes-3.6.6/lib/rails-footnotes/notes/queries_note.rb:156:in `execute'
  /usr/local/lib/ruby/gems/1.8/gems/rails-footnotes-3.6.6/lib/rails-footnotes/notes/queries_note.rb:156:in `execute'
  app/controllers/events_controller.rb:28:in `new'
  app/controllers/events_controller.rb:28:in `new'

Rendered rescues/_trace (102.6ms)
Rendered rescues/_request_and_response (0.7ms)
Rendering rescues/layout (internal_server_error)
  [4;36;1mSQL (0.3ms)[0m   [0;1mSET NAMES 'utf8'[0m
  [4;35;1mSQL (0.3ms)[0m   [0mSET SQL_AUTO_IS_NULL=0[0m


Processing EventsController#new (for 127.0.0.1 at 2010-04-07 15:41:38) [POST]
  Parameters: {"authenticity_token"=>"BmZBoKInSqK6CGCejZbjhBmB35QJ4CZYqNrM13UOxac="}
  [4;36;1mEvent Columns (0.0ms)[0m   [0;1mMysql::NoSuchTable: Table 'timetableasy_development.events' doesn't exist: SHOW FIELDS FROM `events`[0m

ActiveRecord::StatementInvalid (Mysql::NoSuchTable: Table 'timetableasy_development.events' doesn't exist: SHOW FIELDS FROM `events`):
  /usr/local/lib/ruby/gems/1.8/gems/rails-footnotes-3.6.6/lib/rails-footnotes/notes/queries_note.rb:156:in `execute'
  /usr/local/lib/ruby/gems/1.8/gems/rails-footnotes-3.6.6/lib/rails-footnotes/notes/queries_note.rb:156:in `execute'
  app/controllers/events_controller.rb:28:in `new'
  app/controllers/events_controller.rb:28:in `new'

Rendered rescues/_trace (177.6ms)
Rendered rescues/_request_and_response (0.8ms)
Rendering rescues/layout (internal_server_error)
  [4;36;1mSQL (0.3ms)[0m   [0;1mSET NAMES 'utf8'[0m
  [4;35;1mSQL (0.3ms)[0m   [0mSET SQL_AUTO_IS_NULL=0[0m
  [4;36;1mSQL (18.4ms)[0m   [0;1mSHOW TABLES[0m
  [4;35;1mSQL (11.0ms)[0m   [0mSELECT version FROM schema_migrations[0m
Migrating to CreateUsers (20100401184440)
Migrating to CreateEvents (20100404201524)
  [4;36;1mSQL (57.1ms)[0m   [0;1mCREATE TABLE `events` (`id` int(11) DEFAULT NULL auto_increment PRIMARY KEY, `name` varchar(255), `begin_at` datetime, `end_at` datetime, `force_display` tinyint(1) DEFAULT 0, `speaker_id` int(11), `speaker_name` varchar(255), `location_id` int(11), `location_name` varchar(255), `event_scope_id` int(11), `event_scope_type` varchar(255), `academical_id` int(11), `academical_type` varchar(255), `description` text, `created_at` datetime, `updated_at` datetime) ENGINE=InnoDB[0m
  [4;35;1mSQL (1.2ms)[0m   [0mINSERT INTO schema_migrations (version) VALUES ('20100404201524')[0m
  [4;36;1mSQL (1.2ms)[0m   [0;1mSHOW TABLES[0m
  [4;35;1mSQL (0.8ms)[0m   [0mSELECT version FROM schema_migrations[0m
  [4;36;1mSQL (1.5ms)[0m   [0;1mSHOW TABLES[0m
  [4;35;1mSQL (8.3ms)[0m   [0mSHOW FIELDS FROM `events`[0m
  [4;36;1mSQL (8.0ms)[0m   [0;1mdescribe `events`[0m
  [4;35;1mSQL (3.3ms)[0m   [0mSHOW KEYS FROM `events`[0m
  [4;36;1mSQL (8.4ms)[0m   [0;1mSHOW FIELDS FROM `users`[0m
  [4;35;1mSQL (5.9ms)[0m   [0mdescribe `users`[0m
  [4;36;1mSQL (4.2ms)[0m   [0;1mSHOW KEYS FROM `users`[0m
  [4;36;1mSQL (0.3ms)[0m   [0;1mSET NAMES 'utf8'[0m
  [4;35;1mSQL (0.3ms)[0m   [0mSET SQL_AUTO_IS_NULL=0[0m


Processing EventsController#index (for 127.0.0.1 at 2010-04-07 15:42:46) [GET]
Rendering template within layouts/application
Rendering events/index
Rendered shared/_head (7.9ms)
Completed in 125ms (View: 88, DB: 1) | 200 OK [http://localhost/]
  [4;36;1mSQL (0.3ms)[0m   [0;1mSET NAMES 'utf8'[0m
  [4;35;1mSQL (0.3ms)[0m   [0mSET SQL_AUTO_IS_NULL=0[0m


Processing EventsController#index (for 127.0.0.1 at 2010-04-07 15:42:47) [GET]
  Parameters: {"end"=>"1270936800", "start"=>"1270332000", "_"=>"1270647767236"}
  [4;36;1mEvent Load (3.6ms)[0m   [0;1mSELECT * FROM `events` WHERE (begin_at >= '2010-04-04 00:00:00' and end_at <= '2010-04-11 00:00:00') [0m
Completed in 34ms (View: 1, DB: 7) | 200 OK [http://localhost/events?_=1270647767236&start=1270332000&end=1270936800]
  [4;35;1mSQL (0.4ms)[0m   [0mSET NAMES 'utf8'[0m
  [4;36;1mSQL (0.3ms)[0m   [0;1mSET SQL_AUTO_IS_NULL=0[0m


Processing EventsController#new (for 127.0.0.1 at 2010-04-07 15:42:49) [POST]
  Parameters: {"authenticity_token"=>"BmZBoKInSqK6CGCejZbjhBmB35QJ4CZYqNrM13UOxac="}
  [4;35;1mEvent Columns (7.8ms)[0m   [0mSHOW FIELDS FROM `events`[0m
Rendering events/new
Rendered events/_form (30.4ms)
Completed in 86ms (View: 53, DB: 8) | 200 OK [http://localhost/events/new]
  [4;36;1mSQL (0.4ms)[0m   [0;1mSET NAMES 'utf8'[0m
  [4;35;1mSQL (0.4ms)[0m   [0mSET SQL_AUTO_IS_NULL=0[0m


Processing ApplicationController#index (for 127.0.0.1 at 2010-04-07 15:42:49) [GET]

ActionController::RoutingError (No route matches "/images/ui-bg_highlight-soft_100_eeeeee_1x100.png" with {:method=>:get}):
  

Rendering rescues/layout (not_found)
  [4;36;1mSQL (0.3ms)[0m   [0;1mSET NAMES 'utf8'[0m
  [4;35;1mSQL (0.3ms)[0m   [0mSET SQL_AUTO_IS_NULL=0[0m


Processing ApplicationController#index (for 127.0.0.1 at 2010-04-07 15:42:50) [GET]

ActionController::RoutingError (No route matches "/images/ui-bg_diagonals-thick_20_666666_40x40.png" with {:method=>:get}):
  

Rendering rescues/layout (not_found)
  [4;36;1mSQL (0.3ms)[0m   [0;1mSET NAMES 'utf8'[0m
  [4;35;1mSQL (0.3ms)[0m   [0mSET SQL_AUTO_IS_NULL=0[0m


Processing ApplicationController#index (for 127.0.0.1 at 2010-04-07 15:42:50) [GET]

ActionController::RoutingError (No route matches "/images/ui-icons_ffffff_256x240.png" with {:method=>:get}):
  

Rendering rescues/layout (not_found)
  [4;36;1mSQL (0.3ms)[0m   [0;1mSET NAMES 'utf8'[0m
  [4;35;1mSQL (0.3ms)[0m   [0mSET SQL_AUTO_IS_NULL=0[0m


Processing ApplicationController#index (for 127.0.0.1 at 2010-04-07 15:42:50) [GET]

ActionController::RoutingError (No route matches "/images/ui-bg_gloss-wave_35_f6a828_500x100.png" with {:method=>:get}):
  

Rendering rescues/layout (not_found)
  [4;36;1mSQL (0.3ms)[0m   [0;1mSET NAMES 'utf8'[0m
  [4;35;1mSQL (0.4ms)[0m   [0mSET SQL_AUTO_IS_NULL=0[0m


Processing ApplicationController#index (for 127.0.0.1 at 2010-04-07 15:42:50) [GET]

ActionController::RoutingError (No route matches "/images/ui-icons_222222_256x240.png" with {:method=>:get}):
  

Rendering rescues/layout (not_found)
  [4;36;1mSQL (0.4ms)[0m   [0;1mSET NAMES 'utf8'[0m
  [4;35;1mSQL (0.3ms)[0m   [0mSET SQL_AUTO_IS_NULL=0[0m


Processing ApplicationController#index (for 127.0.0.1 at 2010-04-07 15:42:55) [GET]

ActionController::RoutingError (No route matches "/images/ui-bg_glass_100_f6f6f6_1x400.png" with {:method=>:get}):
  

Rendering rescues/layout (not_found)
  [4;36;1mSQL (0.4ms)[0m   [0;1mSET NAMES 'utf8'[0m
  [4;35;1mSQL (0.3ms)[0m   [0mSET SQL_AUTO_IS_NULL=0[0m


Processing ApplicationController#index (for 127.0.0.1 at 2010-04-07 15:42:55) [GET]

ActionController::RoutingError (No route matches "/images/ui-bg_highlight-soft_75_ffe45c_1x100.png" with {:method=>:get}):
  

Rendering rescues/layout (not_found)
  [4;36;1mSQL (0.4ms)[0m   [0;1mSET NAMES 'utf8'[0m
  [4;35;1mSQL (0.3ms)[0m   [0mSET SQL_AUTO_IS_NULL=0[0m


Processing ApplicationController#index (for 127.0.0.1 at 2010-04-07 15:42:57) [GET]

ActionController::RoutingError (No route matches "/images/ui-bg_glass_100_fdf5ce_1x400.png" with {:method=>:get}):
  

Rendering rescues/layout (not_found)
  [4;36;1mSQL (0.3ms)[0m   [0;1mSET NAMES 'utf8'[0m
  [4;35;1mSQL (0.3ms)[0m   [0mSET SQL_AUTO_IS_NULL=0[0m


Processing ApplicationController#index (for 127.0.0.1 at 2010-04-07 15:43:16) [GET]

ActionController::RoutingError (No route matches "/images/ui-bg_glass_65_ffffff_1x400.png" with {:method=>:get}):
  

Rendering rescues/layout (not_found)
  [4;36;1mSQL (0.3ms)[0m   [0;1mSET NAMES 'utf8'[0m
  [4;35;1mSQL (0.3ms)[0m   [0mSET SQL_AUTO_IS_NULL=0[0m


Processing EventsController#create (for 127.0.0.1 at 2010-04-07 15:43:19) [POST]
  Parameters: {"authenticity_token"=>"BmZBoKInSqK6CGCejZbjhBmB35QJ4CZYqNrM13UOxac=", "event"=>{"name"=>"XXX", "end_time"=>"22h00", "end_day"=>"16/04/2010", "start_day"=>"15/04/2010", "description"=>"OOO", "start_time"=>"22h00"}}
  [4;36;1mEvent Columns (7.8ms)[0m   [0;1mSHOW FIELDS FROM `events`[0m
  [4;35;1mSQL (0.3ms)[0m   [0mBEGIN[0m
  [4;36;1mSQL (0.3ms)[0m   [0;1mROLLBACK[0m

ArgumentError (invalid date):
  /usr/local/lib/ruby/1.8/date.rb:1573:in `new_by_frags'
  /usr/local/lib/ruby/1.8/date.rb:1598:in `strptime'
  app/models/event.rb:18:in `set_time'
  app/controllers/events_controller.rb:65:in `create'
  app/controllers/events_controller.rb:64:in `create'

Rendered rescues/_trace (203.5ms)
Rendered rescues/_request_and_response (3.6ms)
Rendering rescues/layout (internal_server_error)
  [4;35;1mSQL (0.3ms)[0m   [0mSET NAMES 'utf8'[0m
  [4;36;1mSQL (0.3ms)[0m   [0;1mSET SQL_AUTO_IS_NULL=0[0m


Processing EventsController#create (for 127.0.0.1 at 2010-04-07 15:43:20) [POST]
  Parameters: {"authenticity_token"=>"BmZBoKInSqK6CGCejZbjhBmB35QJ4CZYqNrM13UOxac=", "event"=>{"name"=>"XXX", "end_time"=>"22h00", "end_day"=>"16/04/2010", "start_day"=>"15/04/2010", "description"=>"OOO", "start_time"=>"22h00"}}
  [4;35;1mEvent Columns (7.6ms)[0m   [0mSHOW FIELDS FROM `events`[0m
  [4;36;1mSQL (0.4ms)[0m   [0;1mBEGIN[0m
  [4;35;1mSQL (0.3ms)[0m   [0mROLLBACK[0m

ArgumentError (invalid date):
  /usr/local/lib/ruby/1.8/date.rb:1573:in `new_by_frags'
  /usr/local/lib/ruby/1.8/date.rb:1598:in `strptime'
  app/models/event.rb:18:in `set_time'
  app/controllers/events_controller.rb:65:in `create'
  app/controllers/events_controller.rb:64:in `create'

Rendered rescues/_trace (123.8ms)
Rendered rescues/_request_and_response (1.0ms)
Rendering rescues/layout (internal_server_error)
/!\ FAILSAFE /!\  Wed Apr 07 15:58:19 +0200 2010
  Status: 500 Internal Server Error
  No such file or directory - /Applications/MAMP/tmp/mysql/mysql.sock
    /usr/local/lib/ruby/gems/1.8/gems/ruby-mysql-2.9.2/lib/mysql/protocol.rb:212:in `initialize'
    /usr/local/lib/ruby/gems/1.8/gems/ruby-mysql-2.9.2/lib/mysql/protocol.rb:212:in `new'
    /usr/local/lib/ruby/gems/1.8/gems/ruby-mysql-2.9.2/lib/mysql/protocol.rb:212:in `initialize'
    /usr/local/lib/ruby/1.8/timeout.rb:53:in `timeout'
    /usr/local/lib/ruby/gems/1.8/gems/ruby-mysql-2.9.2/lib/mysql/protocol.rb:209:in `initialize'
    /usr/local/lib/ruby/gems/1.8/gems/ruby-mysql-2.9.2/lib/mysql.rb:110:in `new'
    /usr/local/lib/ruby/gems/1.8/gems/ruby-mysql-2.9.2/lib/mysql.rb:110:in `real_connect'
    /usr/local/lib/ruby/gems/1.8/gems/activerecord-2.3.5/lib/active_record/connection_adapters/mysql_adapter.rb:589:in `connect'
    /usr/local/lib/ruby/gems/1.8/gems/activerecord-2.3.5/lib/active_record/connection_adapters/mysql_adapter.rb:203:in `initialize'
    /usr/local/lib/ruby/gems/1.8/gems/activerecord-2.3.5/lib/active_record/connection_adapters/mysql_adapter.rb:75:in `new'
    /usr/local/lib/ruby/gems/1.8/gems/activerecord-2.3.5/lib/active_record/connection_adapters/mysql_adapter.rb:75:in `mysql_connection'
    /usr/local/lib/ruby/gems/1.8/gems/activerecord-2.3.5/lib/active_record/connection_adapters/abstract/connection_pool.rb:223:in `send'
    /usr/local/lib/ruby/gems/1.8/gems/activerecord-2.3.5/lib/active_record/connection_adapters/abstract/connection_pool.rb:223:in `new_connection'
    /usr/local/lib/ruby/gems/1.8/gems/activerecord-2.3.5/lib/active_record/connection_adapters/abstract/connection_pool.rb:245:in `checkout_new_connection'
    /usr/local/lib/ruby/gems/1.8/gems/activerecord-2.3.5/lib/active_record/connection_adapters/abstract/connection_pool.rb:188:in `checkout'
    /usr/local/lib/ruby/gems/1.8/gems/activerecord-2.3.5/lib/active_record/connection_adapters/abstract/connection_pool.rb:184:in `loop'
    /usr/local/lib/ruby/gems/1.8/gems/activerecord-2.3.5/lib/active_record/connection_adapters/abstract/connection_pool.rb:184:in `checkout'
    /usr/local/lib/ruby/1.8/monitor.rb:242:in `synchronize'
    /usr/local/lib/ruby/gems/1.8/gems/activerecord-2.3.5/lib/active_record/connection_adapters/abstract/connection_pool.rb:183:in `checkout'
    /usr/local/lib/ruby/gems/1.8/gems/activerecord-2.3.5/lib/active_record/connection_adapters/abstract/connection_pool.rb:98:in `connection'
    /usr/local/lib/ruby/gems/1.8/gems/activerecord-2.3.5/lib/active_record/connection_adapters/abstract/connection_pool.rb:326:in `retrieve_connection'
    /usr/local/lib/ruby/gems/1.8/gems/activerecord-2.3.5/lib/active_record/connection_adapters/abstract/connection_specification.rb:123:in `retrieve_connection'
    /usr/local/lib/ruby/gems/1.8/gems/activerecord-2.3.5/lib/active_record/connection_adapters/abstract/connection_specification.rb:115:in `connection'
    /usr/local/lib/ruby/gems/1.8/gems/activerecord-2.3.5/lib/active_record/query_cache.rb:9:in `cache'
    /usr/local/lib/ruby/gems/1.8/gems/activerecord-2.3.5/lib/active_record/query_cache.rb:28:in `call'
    /usr/local/lib/ruby/gems/1.8/gems/activerecord-2.3.5/lib/active_record/connection_adapters/abstract/connection_pool.rb:361:in `call'
    /usr/local/lib/ruby/gems/1.8/gems/actionpack-2.3.5/lib/action_controller/string_coercion.rb:25:in `call'
    /usr/local/lib/ruby/gems/1.8/gems/rack-1.0.1/lib/rack/head.rb:9:in `call'
    /usr/local/lib/ruby/gems/1.8/gems/rack-1.0.1/lib/rack/methodoverride.rb:24:in `call'
    /usr/local/lib/ruby/gems/1.8/gems/actionpack-2.3.5/lib/action_controller/params_parser.rb:15:in `call'
    /usr/local/lib/ruby/gems/1.8/gems/actionpack-2.3.5/lib/action_controller/session/cookie_store.rb:93:in `call'
    /usr/local/lib/ruby/gems/1.8/gems/actionpack-2.3.5/lib/action_controller/failsafe.rb:26:in `call'
    /usr/local/lib/ruby/gems/1.8/gems/rack-1.0.1/lib/rack/lock.rb:11:in `call'
    /usr/local/lib/ruby/gems/1.8/gems/rack-1.0.1/lib/rack/lock.rb:11:in `synchronize'
    /usr/local/lib/ruby/gems/1.8/gems/rack-1.0.1/lib/rack/lock.rb:11:in `call'
    /usr/local/lib/ruby/gems/1.8/gems/actionpack-2.3.5/lib/action_controller/dispatcher.rb:114:in `call'
    /usr/local/lib/ruby/gems/1.8/gems/actionpack-2.3.5/lib/action_controller/reloader.rb:34:in `run'
    /usr/local/lib/ruby/gems/1.8/gems/actionpack-2.3.5/lib/action_controller/dispatcher.rb:108:in `call'
    /usr/local/lib/ruby/gems/1.8/gems/rails-2.3.5/lib/rails/rack/static.rb:31:in `call'
    /usr/local/lib/ruby/gems/1.8/gems/rack-1.0.1/lib/rack/urlmap.rb:46:in `call'
    /usr/local/lib/ruby/gems/1.8/gems/rack-1.0.1/lib/rack/urlmap.rb:40:in `each'
    /usr/local/lib/ruby/gems/1.8/gems/rack-1.0.1/lib/rack/urlmap.rb:40:in `call'
    /usr/local/lib/ruby/gems/1.8/gems/rails-2.3.5/lib/rails/rack/log_tailer.rb:17:in `call'
    /usr/local/lib/ruby/gems/1.8/gems/rack-1.0.1/lib/rack/content_length.rb:13:in `call'
    /usr/local/lib/ruby/gems/1.8/gems/rack-1.0.1/lib/rack/chunked.rb:15:in `call'
    /usr/local/lib/ruby/gems/1.8/gems/rack-1.0.1/lib/rack/handler/mongrel.rb:64:in `process'
    /usr/local/lib/ruby/gems/1.8/gems/mongrel-1.1.5/lib/mongrel.rb:159:in `process_client'
    /usr/local/lib/ruby/gems/1.8/gems/mongrel-1.1.5/lib/mongrel.rb:158:in `each'
    /usr/local/lib/ruby/gems/1.8/gems/mongrel-1.1.5/lib/mongrel.rb:158:in `process_client'
    /usr/local/lib/ruby/gems/1.8/gems/mongrel-1.1.5/lib/mongrel.rb:285:in `run'
    /usr/local/lib/ruby/gems/1.8/gems/mongrel-1.1.5/lib/mongrel.rb:285:in `initialize'
    /usr/local/lib/ruby/gems/1.8/gems/mongrel-1.1.5/lib/mongrel.rb:285:in `new'
    /usr/local/lib/ruby/gems/1.8/gems/mongrel-1.1.5/lib/mongrel.rb:285:in `run'
    /usr/local/lib/ruby/gems/1.8/gems/mongrel-1.1.5/lib/mongrel.rb:268:in `initialize'
    /usr/local/lib/ruby/gems/1.8/gems/mongrel-1.1.5/lib/mongrel.rb:268:in `new'
    /usr/local/lib/ruby/gems/1.8/gems/mongrel-1.1.5/lib/mongrel.rb:268:in `run'
    /usr/local/lib/ruby/gems/1.8/gems/rack-1.0.1/lib/rack/handler/mongrel.rb:34:in `run'
    /usr/local/lib/ruby/gems/1.8/gems/rails-2.3.5/lib/commands/server.rb:111
    /usr/local/lib/ruby/site_ruby/1.8/rubygems/custom_require.rb:31:in `gem_original_require'
    /usr/local/lib/ruby/site_ruby/1.8/rubygems/custom_require.rb:31:in `require'
    script/server:3
  [4;36;1mSQL (0.5ms)[0m   [0;1mSET NAMES 'utf8'[0m
  [4;35;1mSQL (0.4ms)[0m   [0mSET SQL_AUTO_IS_NULL=0[0m


Processing EventsController#index (for 127.0.0.1 at 2010-04-07 15:58:39) [GET]
Rendering template within layouts/application
Rendering events/index
Rendered shared/_head (7.9ms)
Completed in 140ms (View: 105, DB: 1) | 200 OK [http://localhost/]
  [4;36;1mSQL (0.3ms)[0m   [0;1mSET NAMES 'utf8'[0m
  [4;35;1mSQL (0.3ms)[0m   [0mSET SQL_AUTO_IS_NULL=0[0m


Processing EventsController#index (for 127.0.0.1 at 2010-04-07 15:58:39) [GET]
  Parameters: {"end"=>"1270936800", "start"=>"1270332000", "_"=>"1270648719881"}
  [4;36;1mEvent Load (4.4ms)[0m   [0;1mSELECT * FROM `events` WHERE (begin_at >= '2010-04-04 00:00:00' and end_at <= '2010-04-11 00:00:00') [0m
Completed in 35ms (View: 1, DB: 8) | 200 OK [http://localhost/events?_=1270648719881&start=1270332000&end=1270936800]
  [4;35;1mSQL (0.4ms)[0m   [0mSET NAMES 'utf8'[0m
  [4;36;1mSQL (0.3ms)[0m   [0;1mSET SQL_AUTO_IS_NULL=0[0m


Processing EventsController#new to js (for 127.0.0.1 at 2010-04-07 15:59:01) [GET]
  [4;35;1mEvent Columns (251.8ms)[0m   [0mSHOW FIELDS FROM `events`[0m
Rendering events/new
Rendered events/_form (30.7ms)
Completed in 332ms (View: 56, DB: 253) | 200 OK [http://localhost/events/new.js]
  [4;36;1mSQL (0.4ms)[0m   [0;1mSET NAMES 'utf8'[0m
  [4;35;1mSQL (0.3ms)[0m   [0mSET SQL_AUTO_IS_NULL=0[0m


Processing EventsController#index (for 127.0.0.1 at 2010-04-07 15:59:37) [GET]
  Parameters: {"end"=>"1271541600", "start"=>"1270936800", "_"=>"1270648777660"}
  [4;36;1mEvent Load (3.7ms)[0m   [0;1mSELECT * FROM `events` WHERE (begin_at >= '2010-04-11 00:00:00' and end_at <= '2010-04-18 00:00:00') [0m
Completed in 34ms (View: 1, DB: 7) | 200 OK [http://localhost/events?_=1270648777660&start=1270936800&end=1271541600]
  [4;35;1mSQL (0.3ms)[0m   [0mSET NAMES 'utf8'[0m
  [4;36;1mSQL (0.3ms)[0m   [0;1mSET SQL_AUTO_IS_NULL=0[0m


Processing EventsController#index (for 127.0.0.1 at 2010-04-07 15:59:38) [GET]
  Parameters: {"end"=>"1270936800", "start"=>"1270332000", "_"=>"1270648778536"}
  [4;35;1mEvent Load (3.5ms)[0m   [0mSELECT * FROM `events` WHERE (begin_at >= '2010-04-04 00:00:00' and end_at <= '2010-04-11 00:00:00') [0m
Completed in 33ms (View: 1, DB: 7) | 200 OK [http://localhost/events?_=1270648778536&start=1270332000&end=1270936800]
  [4;36;1mSQL (0.3ms)[0m   [0;1mSET NAMES 'utf8'[0m
  [4;35;1mSQL (0.3ms)[0m   [0mSET SQL_AUTO_IS_NULL=0[0m


Processing EventsController#new (for 127.0.0.1 at 2010-04-07 15:59:39) [POST]
  Parameters: {"authenticity_token"=>"px5N3RcwnShDVk5Fgcrfe4rm15juM7dfNKoKJhTMFnI="}
  [4;36;1mEvent Columns (7.5ms)[0m   [0;1mSHOW FIELDS FROM `events`[0m
Rendering events/new
Rendered events/_form (25.8ms)
Completed in 63ms (View: 31, DB: 8) | 200 OK [http://localhost/events/new]
  [4;35;1mSQL (0.4ms)[0m   [0mSET NAMES 'utf8'[0m
  [4;36;1mSQL (0.3ms)[0m   [0;1mSET SQL_AUTO_IS_NULL=0[0m


Processing ApplicationController#index (for 127.0.0.1 at 2010-04-07 15:59:39) [GET]

ActionController::RoutingError (No route matches "/images/ui-bg_highlight-soft_100_eeeeee_1x100.png" with {:method=>:get}):
  

Rendering rescues/layout (not_found)
  [4;35;1mSQL (0.4ms)[0m   [0mSET NAMES 'utf8'[0m
  [4;36;1mSQL (0.3ms)[0m   [0;1mSET SQL_AUTO_IS_NULL=0[0m


Processing ApplicationController#index (for 127.0.0.1 at 2010-04-07 15:59:39) [GET]

ActionController::RoutingError (No route matches "/images/ui-bg_diagonals-thick_20_666666_40x40.png" with {:method=>:get}):
  

Rendering rescues/layout (not_found)
  [4;35;1mSQL (0.4ms)[0m   [0mSET NAMES 'utf8'[0m
  [4;36;1mSQL (0.3ms)[0m   [0;1mSET SQL_AUTO_IS_NULL=0[0m


Processing ApplicationController#index (for 127.0.0.1 at 2010-04-07 15:59:39) [GET]

ActionController::RoutingError (No route matches "/images/ui-bg_gloss-wave_35_f6a828_500x100.png" with {:method=>:get}):
  

Rendering rescues/layout (not_found)
  [4;35;1mSQL (0.4ms)[0m   [0mSET NAMES 'utf8'[0m
  [4;36;1mSQL (0.3ms)[0m   [0;1mSET SQL_AUTO_IS_NULL=0[0m


Processing ApplicationController#index (for 127.0.0.1 at 2010-04-07 15:59:40) [GET]

ActionController::RoutingError (No route matches "/images/ui-icons_ffffff_256x240.png" with {:method=>:get}):
  

Rendering rescues/layout (not_found)
  [4;35;1mSQL (0.3ms)[0m   [0mSET NAMES 'utf8'[0m
  [4;36;1mSQL (0.3ms)[0m   [0;1mSET SQL_AUTO_IS_NULL=0[0m


Processing ApplicationController#index (for 127.0.0.1 at 2010-04-07 15:59:40) [GET]

ActionController::RoutingError (No route matches "/images/ui-icons_222222_256x240.png" with {:method=>:get}):
  

Rendering rescues/layout (not_found)
  [4;36;1mSQL (0.5ms)[0m   [0;1mSET NAMES 'utf8'[0m
  [4;35;1mSQL (0.6ms)[0m   [0mSET SQL_AUTO_IS_NULL=0[0m


Processing SessionsController#new (for 127.0.0.1 at 2010-04-08 11:54:57) [GET]
Rendering template within layouts/application
Rendering sessions/new
Rendered shared/_head (8.1ms)
Completed in 179ms (View: 144, DB: 1) | 200 OK [http://localhost/]
  [4;36;1mSQL (0.3ms)[0m   [0;1mSET NAMES 'utf8'[0m
  [4;35;1mSQL (0.3ms)[0m   [0mSET SQL_AUTO_IS_NULL=0[0m
  [4;36;1mSQL (48.8ms)[0m   [0;1mSHOW TABLES[0m
  [4;35;1mSQL (11.6ms)[0m   [0mSELECT version FROM schema_migrations[0m
Migrating to CreateUsers (20100401184440)
Migrating to CreateEvents (20100404201524)
  [4;36;1mSQL (1.2ms)[0m   [0;1mSHOW TABLES[0m
  [4;35;1mSQL (0.8ms)[0m   [0mSELECT version FROM schema_migrations[0m
  [4;36;1mSQL (1.0ms)[0m   [0;1mSHOW TABLES[0m
  [4;35;1mSQL (24.6ms)[0m   [0mSHOW FIELDS FROM `events`[0m
  [4;36;1mSQL (8.0ms)[0m   [0;1mdescribe `events`[0m
  [4;35;1mSQL (3.2ms)[0m   [0mSHOW KEYS FROM `events`[0m
  [4;36;1mSQL (8.0ms)[0m   [0;1mSHOW FIELDS FROM `users`[0m
  [4;35;1mSQL (5.9ms)[0m   [0mdescribe `users`[0m
  [4;36;1mSQL (3.7ms)[0m   [0;1mSHOW KEYS FROM `users`[0m
  [4;36;1mSQL (0.3ms)[0m   [0;1mSET NAMES 'utf8'[0m
  [4;35;1mSQL (0.3ms)[0m   [0mSET SQL_AUTO_IS_NULL=0[0m


Processing SessionsController#new (for 127.0.0.1 at 2010-04-08 11:55:27) [GET]
Rendering template within layouts/application
Rendering sessions/new
Rendered shared/_head (7.8ms)
Completed in 117ms (View: 83, DB: 1) | 200 OK [http://localhost/]
  [4;36;1mSQL (0.4ms)[0m   [0;1mSET NAMES 'utf8'[0m
  [4;35;1mSQL (0.3ms)[0m   [0mSET SQL_AUTO_IS_NULL=0[0m


Processing SessionsController#new (for 127.0.0.1 at 2010-04-08 11:55:29) [GET]
Rendering template within layouts/application
Rendering sessions/new
Rendered shared/_head (6.8ms)
Completed in 49ms (View: 15, DB: 1) | 200 OK [http://localhost/]
